\BOOKMARK [0][-]{chapter.1}{\376\377\000I\000d\000e\000g\000e\000n\000\040\000n\000y\000e\000l\000v\001\161\000\040\000\366\000s\000s\000z\000e\000f\000o\000g\000l\000a\000l\000\363}{}% 1
\BOOKMARK [0][-]{chapter.2}{\376\377\000B\000e\000v\000e\000z\000e\000t\000\351\000s}{}% 2
\BOOKMARK [1][-]{section.2.1}{\376\377\000T\000\351\000m\000a\000\040\000v\000\341\000l\000a\000s\000z\000t\000\341\000s\000\040\000H\000\341\000t\000t\000\351\000r}{chapter.2}% 3
\BOOKMARK [1][-]{section.2.2}{\376\377\000A\000\040\000P\000r\000o\000j\000e\000c\000t\000\040\000t\000e\000r\000v\000\040\000b\000e\000m\000u\000t\000a\000t\000\341\000s\000a}{chapter.2}% 4
\BOOKMARK [0][-]{chapter.3}{\376\377\000T\000a\000r\000t\000a\000l\000m\000i\000\040\000r\000\351\000s\000z}{}% 5
\BOOKMARK [1][-]{section.3.1}{\376\377\000A\000n\000a\000l\000\355\000z\000i\000s\000\040\000k\000\351\000p\000e\000k\000\040\000m\000a\000g\000y\000a\000r\000\341\000z\000a\000t\000a\000\040\000\351\000s\000\040\000a\000z\000\040\000a\000n\000a\000l\000\355\000z\000i\000s\000\040\000e\000l\000r\000e\000n\000d\000e\000z\000\351\000s}{chapter.3}% 6
\BOOKMARK [1][-]{section.3.2}{\376\377\000T\000e\000c\000h\000n\000i\000c\000a\000i\000\040\000H\000\341\000t\000t\000e\000r}{chapter.3}% 7
\BOOKMARK [2][-]{subsection.3.2.1}{\376\377\000M\000i\000\040\000a\000\040\000F\000P\000G\000A\000?}{section.3.2}% 8
\BOOKMARK [2][-]{subsection.3.2.2}{\376\377\000M\000i\000\040\000a\000\040\000V\000H\000D\000L\000?}{section.3.2}% 9
\BOOKMARK [2][-]{subsection.3.2.3}{\376\377\000K\000o\000m\000m\000u\000n\000i\000k\000\341\000c\000i\000\363\000s\000\040\000p\000r\000o\000t\000o\000k\000o\000l\000l\000o\000k}{section.3.2}% 10
\BOOKMARK [2][-]{subsection.3.2.4}{\376\377\000I\0002\000C}{section.3.2}% 11
\BOOKMARK [1][-]{section.3.3}{\376\377\000N\000Y\000\301\000K\000\040\000t\000e\000r\000v\000e\000z\000\351\000s}{chapter.3}% 12
\BOOKMARK [2][-]{subsection.3.3.1}{\376\377\000A\000\040\000N\000Y\000\301\000K\000\040\000t\000e\000v\000e\000z\001\121\000\040\000p\000r\000o\000g\000r\000a\000m\000\040\000b\000e\000m\000u\000t\000a\000t\000\341\000s\000a}{section.3.3}% 13
\BOOKMARK [2][-]{subsection.3.3.2}{\376\377\000A\000\040\000K\000i\000C\000a\000d\000\040\000b\000a\000n\000\040\000v\000\351\000g\000z\000e\000t\000t\000\040\000m\000u\000n\000k\000a\000\040\000b\000e\000m\000u\000t\000a\000t\000\341\000s\000a}{section.3.3}% 14
\BOOKMARK [1][-]{section.3.4}{\376\377\000A\000\040\000K\000\351\000s\000z\000\040\000N\000Y\000\301\000K}{chapter.3}% 15
\BOOKMARK [1][-]{section.3.5}{\376\377\000A\000\040\000P\000r\000o\000g\000r\000a\000m\000o\000z\000\363\000\040\000a\000l\000-\000e\000n\000t\000i\000t\000\341\000s\000a\000i}{chapter.3}% 16
\BOOKMARK [2][-]{subsection.3.5.1}{\376\377\000A\000\040\000I\000n\000t\000\137\000O\000s\000c\000\040\000e\000n\000t\000i\000t\000\341\000s}{section.3.5}% 17
\BOOKMARK [2][-]{subsection.3.5.2}{\376\377\000A\000\040\000w\000r\000i\000t\000e\0008\000b\000i\000t\000\040\000e\000n\000t\000i\000t\000\341\000s}{section.3.5}% 18
\BOOKMARK [2][-]{subsection.3.5.3}{\376\377\000U\000A\000R\000T\000\137\000T\000X\000\040\000e\000n\000t\000i\000t\000\341\000s}{section.3.5}% 19
\BOOKMARK [2][-]{subsection.3.5.4}{\376\377\000A\000\040\000U\000A\000R\000T\000\137\000R\000X\000\040\000e\000n\000t\000i\000t\000\341\000s}{section.3.5}% 20
\BOOKMARK [2][-]{subsection.3.5.5}{\376\377\000A\000\040\000w\000r\000i\000t\000e\000P\000a\000g\000e\000\040\000e\000n\000t\000i\000t\000\341\000s}{section.3.5}% 21
\BOOKMARK [2][-]{subsection.3.5.6}{\376\377\000A\000\040\000I\0002\000C\000\040\000e\000n\000t\000i\000t\000\341\000s}{section.3.5}% 22
\BOOKMARK [1][-]{section.3.6}{\376\377\000A\000\040\000f\001\121\000\040\000\050\000M\000A\000I\000N\000\051\000\040\000e\000n\000t\000i\000t\000\341\000s}{chapter.3}% 23
\BOOKMARK [2][-]{subsection.3.6.1}{\376\377\000A\000\040\000m\000a\000i\000n\000\040\000e\000n\000t\000i\000t\000y\000\040\000\341\000l\000l\000a\000p\000o\000t\000g\000\351\000p\000e}{section.3.6}% 24
\BOOKMARK [1][-]{section.3.7}{\376\377\000C\000+\000+\000\040\000b\000a\000n\000\040\000m\000e\000g\000\355\000r\000t\000\040\000u\000t\000a\000s\000\355\000t\000\341\000s\000\040\000k\000\374\000l\000d\001\121\000\040\000p\000r\000o\000g\000r\000a\000m}{chapter.3}% 25
\BOOKMARK [2][-]{subsection.3.7.1}{\376\377\000A\000\040\000T\000e\000r\000m\000i\000n\000a\000l\000\040\000a\000p\000p\000\040\000p\000r\000o\000g\000r\000a\000m}{section.3.7}% 26
\BOOKMARK [2][-]{subsection.3.7.2}{\376\377\000A\000\040\000F\000i\000l\000e\000\040\000a\000p\000p\000\040\000p\000r\000o\000g\000r\000a\000m}{section.3.7}% 27
\BOOKMARK [2][-]{subsection.3.7.3}{\376\377\000A\000\040\000p\000r\000o\000g\000r\000a\000m\000a\000o\000z\000\363\000\040\000b\000e\000\341\000l\000l\000\355\000t\000\341\000s\000a\000\040\000a\000\040\000b\000e\000l\000s\001\121\000\040\000m\000e\000m\000e\000\363\000r\000i\000a\000\040\000s\000e\000g\000\355\000t\000s\000\351\000g\000\351\000v\000e\000l}{section.3.7}% 28
\BOOKMARK [2][-]{subsection.3.7.4}{\376\377\000U\000t\000a\000s\000\355\000t\000\341\000s\000o\000k\000\040\000\351\000s\000\040\000u\000t\000a\000s\000\355\000t\000\341\000s\000\040\000s\000o\000r\000\040\000p\000\351\000l\000d\000a\000\040\000\351\000s\000\040\000m\000a\000g\000y\000a\000r\000\341\000z\000a\000t\000.}{section.3.7}% 29
