
Copyright (C) 1994-2020 Synopsys, Inc.
This Synopsys software and all associated documentation are proprietary to Synopsys, Inc.
and may only be used pursuant to the terms and conditions of a written license agreement
with Synopsys, Inc. All other use, reproduction, modification, or distribution of the
Synopsys software or the associated documentation is strictly prohibited.
Tool: Synplify Pro (R)
Build: Q-2020.03L-SP1
Install: D:\programs\lscc\diamond\3.12\synpbase
OS: Windows 6.2

Hostname: DESKTOP-EPQSCSR

Implementation : impl1

# Written on Tue May  6 10:40:23 2025

##### FILES SYNTAX CHECKED ##############################################
Constraint File(s):      (none)

#Run constraint checker to find more issues with constraints.
#########################################################################



No issues found in constraint syntax.



Clock Summary
*************

          Start                          Requested     Requested     Clock        Clock                   Clock
Level     Clock                          Frequency     Period        Type         Group                   Load 
---------------------------------------------------------------------------------------------------------------
0 -       Int_Osc|Clk_inferred_clock     9.2 MHz       109.051       inferred     Inferred_clkgroup_0     270  
===============================================================================================================


Clock Load Summary
******************

                               Clock     Source                    Clock Pin                Non-clock Pin     Non-clock Pin
Clock                          Load      Pin                       Seq Example              Seq Example       Comb Example 
---------------------------------------------------------------------------------------------------------------------------
Int_Osc|Clk_inferred_clock     270       U1.OSCInst0.OSC(OSCH)     settingsindex[5:3].C     -                 -            
===========================================================================================================================
